2024-01-19 00:03:27.613 [INF] App server is starting.
2024-01-19 00:03:41.565 [INF] App server is starting.
2024-01-19 00:04:05.352 [WRN] Failed to determine the https port for redirect.
2024-01-19 00:04:05.664 [ERR] UnexpectedError
System.InvalidOperationException: No service for type 'MediatR.IRequestHandler`2[ExpensePaymentSystem.Business.Cqrs.CreateExpenseCommand,ExpensePaymentSystem.Base.Response.ApiResponse`1[ExpensePaymentSystem.Schema.ExpenseResponse]]' has been registered.
   at Microsoft.Extensions.DependencyInjection.ServiceProviderServiceExtensions.GetRequiredService(IServiceProvider provider, Type serviceType)
   at Microsoft.Extensions.DependencyInjection.ServiceProviderServiceExtensions.GetRequiredService[T](IServiceProvider provider)
   at MediatR.Wrappers.RequestHandlerWrapperImpl`2.<>c__DisplayClass1_0.<Handle>g__Handler|0()
   at MediatR.Wrappers.RequestHandlerWrapperImpl`2.Handle(IRequest`1 request, IServiceProvider serviceProvider, CancellationToken cancellationToken)
   at MediatR.Mediator.Send[TResponse](IRequest`1 request, CancellationToken cancellationToken)
   at ExpensePaymentSystem.WebApi.Controllers.ExpenseController.Post(ExpenseRequest Expense) in /Users/Levent/Desktop/FinalCase-Patika/ExpensePaymentSystem/ExpensePaymentSystem.WebApi/Controllers/ExpenseController.cs:line 53
   at lambda_method5(Closure, Object)
   at Microsoft.AspNetCore.Mvc.Infrastructure.ActionMethodExecutor.AwaitableObjectResultExecutor.Execute(ActionContext actionContext, IActionResultTypeMapper mapper, ObjectMethodExecutor executor, Object controller, Object[] arguments)
   at Microsoft.AspNetCore.Mvc.Infrastructure.ControllerActionInvoker.<InvokeActionMethodAsync>g__Awaited|12_0(ControllerActionInvoker invoker, ValueTask`1 actionResultValueTask)
   at Microsoft.AspNetCore.Mvc.Infrastructure.ControllerActionInvoker.<InvokeNextActionFilterAsync>g__Awaited|10_0(ControllerActionInvoker invoker, Task lastTask, State next, Scope scope, Object state, Boolean isCompleted)
   at Microsoft.AspNetCore.Mvc.Infrastructure.ControllerActionInvoker.Rethrow(ActionExecutedContextSealed context)
   at Microsoft.AspNetCore.Mvc.Infrastructure.ControllerActionInvoker.Next(State& next, Scope& scope, Object& state, Boolean& isCompleted)
   at Microsoft.AspNetCore.Mvc.Infrastructure.ControllerActionInvoker.InvokeInnerFilterAsync()
--- End of stack trace from previous location ---
   at Microsoft.AspNetCore.Mvc.Infrastructure.ResourceInvoker.<InvokeFilterPipelineAsync>g__Awaited|20_0(ResourceInvoker invoker, Task lastTask, State next, Scope scope, Object state, Boolean isCompleted)
   at Microsoft.AspNetCore.Mvc.Infrastructure.ResourceInvoker.<InvokeAsync>g__Awaited|17_0(ResourceInvoker invoker, Task task, IDisposable scope)
   at Microsoft.AspNetCore.Mvc.Infrastructure.ResourceInvoker.<InvokeAsync>g__Awaited|17_0(ResourceInvoker invoker, Task task, IDisposable scope)
   at Microsoft.AspNetCore.Routing.EndpointMiddleware.<Invoke>g__AwaitRequestTask|6_0(Endpoint endpoint, Task requestTask, ILogger logger)
   at Microsoft.AspNetCore.Authorization.AuthorizationMiddleware.Invoke(HttpContext context)
   at ExpensePaymentSystem.WebApi.Middlewares.ErrorHandlerMiddleware.Invoke(HttpContext context) in /Users/Levent/Desktop/FinalCase-Patika/ExpensePaymentSystem/ExpensePaymentSystem.WebApi/Middlewares/ErrorHandlerMiddleware.cs:line 21
2024-01-19 00:04:05.702 [FTL] Path=/api/Expense || Method=POST || Exception=No service for type 'MediatR.IRequestHandler`2[ExpensePaymentSystem.Business.Cqrs.CreateExpenseCommand,ExpensePaymentSystem.Base.Response.ApiResponse`1[ExpensePaymentSystem.Schema.ExpenseResponse]]' has been registered.
2024-01-19 00:05:26.847 [ERR] UnexpectedError
System.InvalidOperationException: No service for type 'MediatR.IRequestHandler`2[ExpensePaymentSystem.Business.Cqrs.CreateExpenseCommand,ExpensePaymentSystem.Base.Response.ApiResponse`1[ExpensePaymentSystem.Schema.ExpenseResponse]]' has been registered.
   at Microsoft.Extensions.DependencyInjection.ServiceProviderServiceExtensions.GetRequiredService(IServiceProvider provider, Type serviceType)
   at Microsoft.Extensions.DependencyInjection.ServiceProviderServiceExtensions.GetRequiredService[T](IServiceProvider provider)
   at MediatR.Wrappers.RequestHandlerWrapperImpl`2.<>c__DisplayClass1_0.<Handle>g__Handler|0()
   at MediatR.Wrappers.RequestHandlerWrapperImpl`2.Handle(IRequest`1 request, IServiceProvider serviceProvider, CancellationToken cancellationToken)
   at MediatR.Mediator.Send[TResponse](IRequest`1 request, CancellationToken cancellationToken)
   at ExpensePaymentSystem.WebApi.Controllers.ExpenseController.Post(ExpenseRequest Expense) in /Users/Levent/Desktop/FinalCase-Patika/ExpensePaymentSystem/ExpensePaymentSystem.WebApi/Controllers/ExpenseController.cs:line 53
   at lambda_method5(Closure, Object)
   at Microsoft.AspNetCore.Mvc.Infrastructure.ActionMethodExecutor.AwaitableObjectResultExecutor.Execute(ActionContext actionContext, IActionResultTypeMapper mapper, ObjectMethodExecutor executor, Object controller, Object[] arguments)
   at Microsoft.AspNetCore.Mvc.Infrastructure.ControllerActionInvoker.<InvokeActionMethodAsync>g__Awaited|12_0(ControllerActionInvoker invoker, ValueTask`1 actionResultValueTask)
   at Microsoft.AspNetCore.Mvc.Infrastructure.ControllerActionInvoker.<InvokeNextActionFilterAsync>g__Awaited|10_0(ControllerActionInvoker invoker, Task lastTask, State next, Scope scope, Object state, Boolean isCompleted)
   at Microsoft.AspNetCore.Mvc.Infrastructure.ControllerActionInvoker.Rethrow(ActionExecutedContextSealed context)
   at Microsoft.AspNetCore.Mvc.Infrastructure.ControllerActionInvoker.Next(State& next, Scope& scope, Object& state, Boolean& isCompleted)
   at Microsoft.AspNetCore.Mvc.Infrastructure.ControllerActionInvoker.InvokeInnerFilterAsync()
--- End of stack trace from previous location ---
   at Microsoft.AspNetCore.Mvc.Infrastructure.ResourceInvoker.<InvokeFilterPipelineAsync>g__Awaited|20_0(ResourceInvoker invoker, Task lastTask, State next, Scope scope, Object state, Boolean isCompleted)
   at Microsoft.AspNetCore.Mvc.Infrastructure.ResourceInvoker.<InvokeAsync>g__Awaited|17_0(ResourceInvoker invoker, Task task, IDisposable scope)
   at Microsoft.AspNetCore.Mvc.Infrastructure.ResourceInvoker.<InvokeAsync>g__Awaited|17_0(ResourceInvoker invoker, Task task, IDisposable scope)
   at Microsoft.AspNetCore.Routing.EndpointMiddleware.<Invoke>g__AwaitRequestTask|6_0(Endpoint endpoint, Task requestTask, ILogger logger)
   at Microsoft.AspNetCore.Authorization.AuthorizationMiddleware.Invoke(HttpContext context)
   at ExpensePaymentSystem.WebApi.Middlewares.ErrorHandlerMiddleware.Invoke(HttpContext context) in /Users/Levent/Desktop/FinalCase-Patika/ExpensePaymentSystem/ExpensePaymentSystem.WebApi/Middlewares/ErrorHandlerMiddleware.cs:line 21
2024-01-19 00:05:26.849 [FTL] Path=/api/Expense || Method=POST || Exception=No service for type 'MediatR.IRequestHandler`2[ExpensePaymentSystem.Business.Cqrs.CreateExpenseCommand,ExpensePaymentSystem.Base.Response.ApiResponse`1[ExpensePaymentSystem.Schema.ExpenseResponse]]' has been registered.
2024-01-19 00:06:51.853 [INF] App server is starting.
2024-01-19 00:07:05.358 [WRN] Failed to determine the https port for redirect.
2024-01-19 00:07:27.206 [WRN] The 'bool' property 'IsActive' on entity type 'User' is configured with a database-generated default. This default will always be used for inserts when the property has the value 'false', since this is the CLR default for the 'bool' type. Consider using the nullable 'bool?' type instead, so that the default will only be used for inserts when the property value is 'null'.
